WARNING: A terminally deprecated method in sun.misc.Unsafe has been called
WARNING: sun.misc.Unsafe::staticFieldBase has been called by com.google.inject.internal.aop.HiddenClassDefiner (file:/opt/homebrew/Cellar/maven/3.9.11/libexec/lib/guice-5.1.0-classes.jar)
WARNING: Please consider reporting this to the maintainers of class com.google.inject.internal.aop.HiddenClassDefiner
WARNING: sun.misc.Unsafe::staticFieldBase will be removed in a future release
[INFO] Scanning for projects...
[INFO] 
[INFO] ------------------< com.care.ride:care-ride-backend >-------------------
[INFO] Building care-ride-backend 0.0.1
[INFO]   from pom.xml
[INFO] --------------------------------[ jar ]---------------------------------
[INFO] 
[INFO] >>> spring-boot:3.3.0:run (default-cli) > test-compile @ care-ride-backend >>>
[INFO] 
[INFO] --- resources:3.3.1:resources (default-resources) @ care-ride-backend ---
[WARNING] Using platform encoding (UTF-8 actually) to copy filtered resources, i.e. build is platform dependent!
[INFO] Copying 2 resources from src/main/resources to target/classes
[INFO] 
[INFO] --- compiler:3.11.0:compile (default-compile) @ care-ride-backend ---
[INFO] Nothing to compile - all classes are up to date
[INFO] 
[INFO] --- resources:3.3.1:testResources (default-testResources) @ care-ride-backend ---
[WARNING] Using platform encoding (UTF-8 actually) to copy filtered resources, i.e. build is platform dependent!
[INFO] skip non existing resourceDirectory /Users/chhabisharma/Documents/care-ride-site/backend/src/test/resources
[INFO] 
[INFO] --- compiler:3.11.0:testCompile (default-testCompile) @ care-ride-backend ---
[INFO] No sources to compile
[INFO] 
[INFO] <<< spring-boot:3.3.0:run (default-cli) < test-compile @ care-ride-backend <<<
[INFO] 
[INFO] 
[INFO] --- spring-boot:3.3.0:run (default-cli) @ care-ride-backend ---
[INFO] Attaching agents: []

  .   ____          _            __ _ _
 /\\ / ___'_ __ _ _(_)_ __  __ _ \ \ \ \
( ( )\___ | '_ | '_| | '_ \/ _` | \ \ \ \
 \\/  ___)| |_)| | | | | || (_| |  ) ) ) )
  '  |____| .__|_| |_|_| |_\__, | / / / /
 =========|_|==============|___/=/_/_/_/

 :: Spring Boot ::                (v3.3.2)

2025-08-23T20:58:06.879-04:00  INFO 18539 --- [           main] com.care.ride.CareRideApplication        : Starting CareRideApplication using Java 24.0.2 with PID 18539 (/Users/chhabisharma/Documents/care-ride-site/backend/target/classes started by chhabisharma in /Users/chhabisharma/Documents/care-ride-site/backend)
2025-08-23T20:58:06.880-04:00  INFO 18539 --- [           main] com.care.ride.CareRideApplication        : No active profile set, falling back to 1 default profile: "default"
2025-08-23T20:58:07.188-04:00  INFO 18539 --- [           main] .s.d.r.c.RepositoryConfigurationDelegate : Bootstrapping Spring Data JPA repositories in DEFAULT mode.
2025-08-23T20:58:07.213-04:00  INFO 18539 --- [           main] .s.d.r.c.RepositoryConfigurationDelegate : Finished Spring Data repository scanning in 21 ms. Found 3 JPA repository interfaces.
WARNING: A restricted method in java.lang.System has been called
WARNING: java.lang.System::load has been called by org.apache.tomcat.jni.Library in an unnamed module (file:/Users/chhabisharma/.m2/repository/org/apache/tomcat/embed/tomcat-embed-core/10.1.26/tomcat-embed-core-10.1.26.jar)
WARNING: Use --enable-native-access=ALL-UNNAMED to avoid a warning for callers in this module
WARNING: Restricted methods will be blocked in a future release unless native access is enabled

2025-08-23T20:58:07.465-04:00  INFO 18539 --- [           main] o.s.b.w.embedded.tomcat.TomcatWebServer  : Tomcat initialized with port 8080 (http)
2025-08-23T20:58:07.471-04:00  INFO 18539 --- [           main] o.apache.catalina.core.StandardService   : Starting service [Tomcat]
2025-08-23T20:58:07.472-04:00  INFO 18539 --- [           main] o.apache.catalina.core.StandardEngine    : Starting Servlet engine: [Apache Tomcat/10.1.26]
2025-08-23T20:58:07.494-04:00  INFO 18539 --- [           main] o.a.c.c.C.[Tomcat].[localhost].[/]       : Initializing Spring embedded WebApplicationContext
2025-08-23T20:58:07.495-04:00  INFO 18539 --- [           main] w.s.c.ServletWebServerApplicationContext : Root WebApplicationContext: initialization completed in 593 ms
2025-08-23T20:58:07.569-04:00  INFO 18539 --- [           main] o.hibernate.jpa.internal.util.LogHelper  : HHH000204: Processing PersistenceUnitInfo [name: default]
2025-08-23T20:58:07.596-04:00  INFO 18539 --- [           main] org.hibernate.Version                    : HHH000412: Hibernate ORM core version 6.5.2.Final
2025-08-23T20:58:07.611-04:00  INFO 18539 --- [           main] o.h.c.internal.RegionFactoryInitiator    : HHH000026: Second-level cache disabled
2025-08-23T20:58:07.756-04:00  INFO 18539 --- [           main] o.s.o.j.p.SpringPersistenceUnitInfo      : No LoadTimeWeaver setup: ignoring JPA class transformer
2025-08-23T20:58:07.768-04:00  INFO 18539 --- [           main] com.zaxxer.hikari.HikariDataSource       : HikariPool-1 - Starting...
2025-08-23T20:58:07.821-04:00  INFO 18539 --- [           main] com.zaxxer.hikari.pool.HikariPool        : HikariPool-1 - Added connection org.postgresql.jdbc.PgConnection@4c56644f
2025-08-23T20:58:07.822-04:00  INFO 18539 --- [           main] com.zaxxer.hikari.HikariDataSource       : HikariPool-1 - Start completed.
2025-08-23T20:58:08.270-04:00  INFO 18539 --- [           main] o.h.e.t.j.p.i.JtaPlatformInitiator       : HHH000489: No JTA platform available (set 'hibernate.transaction.jta.platform' to enable JTA platform integration)
2025-08-23T20:58:08.332-04:00  INFO 18539 --- [           main] j.LocalContainerEntityManagerFactoryBean : Initialized JPA EntityManagerFactory for persistence unit 'default'
2025-08-23T20:58:08.472-04:00  WARN 18539 --- [           main] JpaBaseConfiguration$JpaWebConfiguration : spring.jpa.open-in-view is enabled by default. Therefore, database queries may be performed during view rendering. Explicitly configure spring.jpa.open-in-view to disable this warning
2025-08-23T20:58:08.600-04:00  INFO 18539 --- [           main] r$InitializeUserDetailsManagerConfigurer : Global AuthenticationManager configured with UserDetailsService bean with name userDetailsService
2025-08-23T20:58:08.903-04:00  INFO 18539 --- [           main] o.s.b.w.embedded.tomcat.TomcatWebServer  : Tomcat started on port 8080 (http) with context path '/'
2025-08-23T20:58:08.908-04:00  INFO 18539 --- [           main] com.care.ride.CareRideApplication        : Started CareRideApplication in 2.243 seconds (process running for 2.384)
DevDataLoader: service types exist: 1
2025-08-23T20:58:25.234-04:00  INFO 18539 --- [nio-8080-exec-1] o.a.c.c.C.[Tomcat].[localhost].[/]       : Initializing Spring DispatcherServlet 'dispatcherServlet'
2025-08-23T20:58:25.234-04:00  INFO 18539 --- [nio-8080-exec-1] o.s.web.servlet.DispatcherServlet        : Initializing Servlet 'dispatcherServlet'
2025-08-23T20:58:25.235-04:00  INFO 18539 --- [nio-8080-exec-1] o.s.web.servlet.DispatcherServlet        : Completed initialization in 1 ms
2025-08-23T20:58:25.301-04:00  INFO 18539 --- [nio-8080-exec-1] com.care.ride.service.EmailService       : JavaMailSenderImpl in use. Host=smtp.mail.us-east-1.awsapps.com, Port=465, Username=info@careridesolutionspa.com, props.mail.smtp.from=info@careridesolutionspa.com
DEBUG: Jakarta Mail version 2.1.3
DEBUG: URL jar:file:/Users/chhabisharma/.m2/repository/org/eclipse/angus/jakarta.mail/2.0.3/jakarta.mail-2.0.3.jar!/META-INF/javamail.providers
DEBUG: successfully loaded resource: jar:file:/Users/chhabisharma/.m2/repository/org/eclipse/angus/jakarta.mail/2.0.3/jakarta.mail-2.0.3.jar!/META-INF/javamail.providers
DEBUG: successfully loaded resource: /META-INF/javamail.default.providers
DEBUG: Tables of loaded providers
DEBUG: Providers Listed By Class Name: {org.eclipse.angus.mail.imap.IMAPStore=jakarta.mail.Provider[STORE,imap,org.eclipse.angus.mail.imap.IMAPStore,Oracle], org.eclipse.angus.mail.smtp.SMTPTransport=jakarta.mail.Provider[TRANSPORT,smtp,org.eclipse.angus.mail.smtp.SMTPTransport,Oracle], org.eclipse.angus.mail.pop3.POP3Store=jakarta.mail.Provider[STORE,pop3,org.eclipse.angus.mail.pop3.POP3Store,Oracle], org.eclipse.angus.mail.pop3.POP3SSLStore=jakarta.mail.Provider[STORE,pop3s,org.eclipse.angus.mail.pop3.POP3SSLStore,Oracle], org.eclipse.angus.mail.smtp.SMTPSSLTransport=jakarta.mail.Provider[TRANSPORT,smtps,org.eclipse.angus.mail.smtp.SMTPSSLTransport,Oracle], org.eclipse.angus.mail.imap.IMAPSSLStore=jakarta.mail.Provider[STORE,imaps,org.eclipse.angus.mail.imap.IMAPSSLStore,Oracle]}
DEBUG: Providers Listed By Protocol: {imap=jakarta.mail.Provider[STORE,imap,org.eclipse.angus.mail.imap.IMAPStore,Oracle], smtp=jakarta.mail.Provider[TRANSPORT,smtp,org.eclipse.angus.mail.smtp.SMTPTransport,Oracle], pop3=jakarta.mail.Provider[STORE,pop3,org.eclipse.angus.mail.pop3.POP3Store,Oracle], imaps=jakarta.mail.Provider[STORE,imaps,org.eclipse.angus.mail.imap.IMAPSSLStore,Oracle], smtps=jakarta.mail.Provider[TRANSPORT,smtps,org.eclipse.angus.mail.smtp.SMTPSSLTransport,Oracle], pop3s=jakarta.mail.Provider[STORE,pop3s,org.eclipse.angus.mail.pop3.POP3SSLStore,Oracle]}
DEBUG: successfully loaded resource: /META-INF/javamail.default.address.map
DEBUG: URL jar:file:/Users/chhabisharma/.m2/repository/org/eclipse/angus/jakarta.mail/2.0.3/jakarta.mail-2.0.3.jar!/META-INF/javamail.address.map
DEBUG: successfully loaded resource: jar:file:/Users/chhabisharma/.m2/repository/org/eclipse/angus/jakarta.mail/2.0.3/jakarta.mail-2.0.3.jar!/META-INF/javamail.address.map
DEBUG: getProvider() returning jakarta.mail.Provider[TRANSPORT,smtp,org.eclipse.angus.mail.smtp.SMTPTransport,Oracle]
DEBUG SMTP: useEhlo true, useAuth true
DEBUG SMTP: trying to connect to host "smtp.mail.us-east-1.awsapps.com", port 465, isSSL true
220 smtp.us-east-1.mail.awsapps.com ESMTP Amazon WorkMail SMTP Service
DEBUG SMTP: connected to host "smtp.mail.us-east-1.awsapps.com", port: 465
EHLO macbookpro-65.lan
250-smtp.us-east-1.mail.awsapps.com
250-8BITMIME
250-AUTH PLAIN LOGIN
250 Ok
DEBUG SMTP: Found extension "8BITMIME", arg ""
DEBUG SMTP: Found extension "AUTH", arg "PLAIN LOGIN"
DEBUG SMTP: Found extension "Ok", arg ""
DEBUG SMTP: protocolConnect login, host=smtp.mail.us-east-1.awsapps.com, user=info@careridesolutionspa.com, password=<non-null>
DEBUG SMTP: Attempt to authenticate using mechanisms: LOGIN PLAIN DIGEST-MD5 NTLM XOAUTH2 
DEBUG SMTP: Using mechanism LOGIN
DEBUG SMTP: AUTH LOGIN command trace suppressed
DEBUG SMTP: AUTH LOGIN succeeded
DEBUG SMTP: use8bit false
MAIL FROM:<info@careridesolutionspa.com>
250 Ok
RCPT TO:<info@careridesolutionspa.com>
250 Ok
DEBUG SMTP: Verified Addresses
DEBUG SMTP:   info@careridesolutionspa.com
DATA
354 End data with <CR><LF>.<CR><LF>
Date: Sat, 23 Aug 2025 20:58:26 -0400 (EDT)
From: info@careridesolutionspa.com
To: info@careridesolutionspa.com
Message-ID: <2108499696.0.1755997106022@macbookpro-65.lan>
Subject: New Contact Form Submission: Support
MIME-Version: 1.0
Content-Type: text/plain; charset=us-ascii
Content-Transfer-Encoding: 7bit

Name: UI Run 3
Email: uirun3@example.com
Phone: 555-3000
Reason: Support
Message: This is a UI-run test 3
.
250 Ok
DEBUG SMTP: message successfully delivered to mail server
QUIT
221 Bye
2025-08-23T20:58:26.893-04:00  INFO 18539 --- [nio-8080-exec-1] com.care.ride.service.EmailService       : Email sent to info@careridesolutionspa.com (subject=New Contact Form Submission: Support)
2025-08-23T21:01:33.924-04:00  INFO 18539 --- [nio-8080-exec-2] com.care.ride.service.EmailService       : JavaMailSenderImpl in use. Host=smtp.mail.us-east-1.awsapps.com, Port=465, Username=info@careridesolutionspa.com, props.mail.smtp.from=info@careridesolutionspa.com
DEBUG: getProvider() returning jakarta.mail.Provider[TRANSPORT,smtp,org.eclipse.angus.mail.smtp.SMTPTransport,Oracle]
DEBUG SMTP: useEhlo true, useAuth true
DEBUG SMTP: trying to connect to host "smtp.mail.us-east-1.awsapps.com", port 465, isSSL true
220 smtp.us-east-1.mail.awsapps.com ESMTP Amazon WorkMail SMTP Service
DEBUG SMTP: connected to host "smtp.mail.us-east-1.awsapps.com", port: 465
EHLO macbookpro-65.lan
250-smtp.us-east-1.mail.awsapps.com
250-8BITMIME
250-AUTH PLAIN LOGIN
250 Ok
DEBUG SMTP: Found extension "8BITMIME", arg ""
DEBUG SMTP: Found extension "AUTH", arg "PLAIN LOGIN"
DEBUG SMTP: Found extension "Ok", arg ""
DEBUG SMTP: protocolConnect login, host=smtp.mail.us-east-1.awsapps.com, user=info@careridesolutionspa.com, password=<non-null>
DEBUG SMTP: Attempt to authenticate using mechanisms: LOGIN PLAIN DIGEST-MD5 NTLM XOAUTH2 
DEBUG SMTP: Using mechanism LOGIN
DEBUG SMTP: AUTH LOGIN command trace suppressed
DEBUG SMTP: AUTH LOGIN succeeded
DEBUG SMTP: use8bit false
MAIL FROM:<info@careridesolutionspa.com>
250 Ok
RCPT TO:<info@careridesolutionspa.com>
250 Ok
DEBUG SMTP: Verified Addresses
DEBUG SMTP:   info@careridesolutionspa.com
DATA
354 End data with <CR><LF>.<CR><LF>
Date: Sat, 23 Aug 2025 21:01:34 -0400 (EDT)
From: info@careridesolutionspa.com
To: info@careridesolutionspa.com
Message-ID: <569887176.1.1755997294588@macbookpro-65.lan>
Subject: New Contact Form Submission: Question
MIME-Version: 1.0
Content-Type: text/plain; charset=us-ascii
Content-Transfer-Encoding: 7bit

Name: UI Frontend Test
Email: fronttest@example.com
Phone: 555-4000
Reason: Question
Message: Testing via frontend proxy
.
250 Ok
DEBUG SMTP: message successfully delivered to mail server
QUIT
221 Bye
2025-08-23T21:01:35.503-04:00  INFO 18539 --- [nio-8080-exec-2] com.care.ride.service.EmailService       : Email sent to info@careridesolutionspa.com (subject=New Contact Form Submission: Question)
2025-08-23T21:02:56.529-04:00  INFO 18539 --- [nio-8080-exec-3] com.care.ride.service.EmailService       : JavaMailSenderImpl in use. Host=smtp.mail.us-east-1.awsapps.com, Port=465, Username=info@careridesolutionspa.com, props.mail.smtp.from=info@careridesolutionspa.com
DEBUG: getProvider() returning jakarta.mail.Provider[TRANSPORT,smtp,org.eclipse.angus.mail.smtp.SMTPTransport,Oracle]
DEBUG SMTP: useEhlo true, useAuth true
DEBUG SMTP: trying to connect to host "smtp.mail.us-east-1.awsapps.com", port 465, isSSL true
220 smtp.us-east-1.mail.awsapps.com ESMTP Amazon WorkMail SMTP Service
DEBUG SMTP: connected to host "smtp.mail.us-east-1.awsapps.com", port: 465
EHLO macbookpro-65.lan
250-smtp.us-east-1.mail.awsapps.com
250-8BITMIME
250-AUTH PLAIN LOGIN
250 Ok
DEBUG SMTP: Found extension "8BITMIME", arg ""
DEBUG SMTP: Found extension "AUTH", arg "PLAIN LOGIN"
DEBUG SMTP: Found extension "Ok", arg ""
DEBUG SMTP: protocolConnect login, host=smtp.mail.us-east-1.awsapps.com, user=info@careridesolutionspa.com, password=<non-null>
DEBUG SMTP: Attempt to authenticate using mechanisms: LOGIN PLAIN DIGEST-MD5 NTLM XOAUTH2 
DEBUG SMTP: Using mechanism LOGIN
DEBUG SMTP: AUTH LOGIN command trace suppressed
DEBUG SMTP: AUTH LOGIN succeeded
DEBUG SMTP: use8bit false
MAIL FROM:<info@careridesolutionspa.com>
250 Ok
RCPT TO:<info@careridesolutionspa.com>
250 Ok
DEBUG SMTP: Verified Addresses
DEBUG SMTP:   info@careridesolutionspa.com
DATA
354 End data with <CR><LF>.<CR><LF>
Date: Sat, 23 Aug 2025 21:02:57 -0400 (EDT)
From: info@careridesolutionspa.com
To: info@careridesolutionspa.com
Message-ID: <1774906033.2.1755997377123@macbookpro-65.lan>
Subject: New Contact Form Submission: Need Ride
MIME-Version: 1.0
Content-Type: text/plain; charset=us-ascii
Content-Transfer-Encoding: 7bit

Name: Test Chhabi
Email: Bajgain99@yanoo.com
Phone: 2148287716
Reason: Need Ride
Message: ggjgghhkjhkjhkjh
.
250 Ok
DEBUG SMTP: message successfully delivered to mail server
QUIT
221 Bye
2025-08-23T21:02:58.145-04:00  INFO 18539 --- [nio-8080-exec-3] com.care.ride.service.EmailService       : Email sent to info@careridesolutionspa.com (subject=New Contact Form Submission: Need Ride)
2025-08-23T21:07:05.488-04:00  INFO 18539 --- [nio-8080-exec-4] com.care.ride.service.EmailService       : JavaMailSenderImpl in use. Host=smtp.mail.us-east-1.awsapps.com, Port=465, Username=info@careridesolutionspa.com, props.mail.smtp.from=info@careridesolutionspa.com
DEBUG: getProvider() returning jakarta.mail.Provider[TRANSPORT,smtp,org.eclipse.angus.mail.smtp.SMTPTransport,Oracle]
DEBUG SMTP: useEhlo true, useAuth true
DEBUG SMTP: trying to connect to host "smtp.mail.us-east-1.awsapps.com", port 465, isSSL true
220 smtp.us-east-1.mail.awsapps.com ESMTP Amazon WorkMail SMTP Service
DEBUG SMTP: connected to host "smtp.mail.us-east-1.awsapps.com", port: 465
EHLO macbookpro-65.lan
250-smtp.us-east-1.mail.awsapps.com
250-8BITMIME
250-AUTH PLAIN LOGIN
250 Ok
DEBUG SMTP: Found extension "8BITMIME", arg ""
DEBUG SMTP: Found extension "AUTH", arg "PLAIN LOGIN"
DEBUG SMTP: Found extension "Ok", arg ""
DEBUG SMTP: protocolConnect login, host=smtp.mail.us-east-1.awsapps.com, user=info@careridesolutionspa.com, password=<non-null>
DEBUG SMTP: Attempt to authenticate using mechanisms: LOGIN PLAIN DIGEST-MD5 NTLM XOAUTH2 
DEBUG SMTP: Using mechanism LOGIN
DEBUG SMTP: AUTH LOGIN command trace suppressed
DEBUG SMTP: AUTH LOGIN succeeded
DEBUG SMTP: use8bit false
MAIL FROM:<info@careridesolutionspa.com>
250 Ok
RCPT TO:<info@careridesolutionspa.com>
250 Ok
DEBUG SMTP: Verified Addresses
DEBUG SMTP:   info@careridesolutionspa.com
DATA
354 End data with <CR><LF>.<CR><LF>
Date: Sat, 23 Aug 2025 21:07:06 -0400 (EDT)
From: info@careridesolutionspa.com
To: info@careridesolutionspa.com
Message-ID: <1604355697.3.1755997626516@macbookpro-65.lan>
Subject: New Contact Form Submission: Inquiry
MIME-Version: 1.0
Content-Type: text/plain; charset=us-ascii
Content-Transfer-Encoding: 7bit

Name: Playwright Test
Email: pwtest@example.com
Phone: 555-9999
Reason: Inquiry
Message: This is an automated test.
.
250 Ok
DEBUG SMTP: message successfully delivered to mail server
QUIT
221 Bye
2025-08-23T21:07:07.577-04:00  INFO 18539 --- [nio-8080-exec-4] com.care.ride.service.EmailService       : Email sent to info@careridesolutionspa.com (subject=New Contact Form Submission: Inquiry)
2025-08-23T21:07:34.032-04:00  INFO 18539 --- [nio-8080-exec-5] com.care.ride.service.EmailService       : JavaMailSenderImpl in use. Host=smtp.mail.us-east-1.awsapps.com, Port=465, Username=info@careridesolutionspa.com, props.mail.smtp.from=info@careridesolutionspa.com
DEBUG: getProvider() returning jakarta.mail.Provider[TRANSPORT,smtp,org.eclipse.angus.mail.smtp.SMTPTransport,Oracle]
DEBUG SMTP: useEhlo true, useAuth true
DEBUG SMTP: trying to connect to host "smtp.mail.us-east-1.awsapps.com", port 465, isSSL true
220 smtp.us-east-1.mail.awsapps.com ESMTP Amazon WorkMail SMTP Service
DEBUG SMTP: connected to host "smtp.mail.us-east-1.awsapps.com", port: 465
EHLO macbookpro-65.lan
250-smtp.us-east-1.mail.awsapps.com
250-8BITMIME
250-AUTH PLAIN LOGIN
250 Ok
DEBUG SMTP: Found extension "8BITMIME", arg ""
DEBUG SMTP: Found extension "AUTH", arg "PLAIN LOGIN"
DEBUG SMTP: Found extension "Ok", arg ""
DEBUG SMTP: protocolConnect login, host=smtp.mail.us-east-1.awsapps.com, user=info@careridesolutionspa.com, password=<non-null>
DEBUG SMTP: Attempt to authenticate using mechanisms: LOGIN PLAIN DIGEST-MD5 NTLM XOAUTH2 
DEBUG SMTP: Using mechanism LOGIN
DEBUG SMTP: AUTH LOGIN command trace suppressed
DEBUG SMTP: AUTH LOGIN succeeded
DEBUG SMTP: use8bit false
MAIL FROM:<info@careridesolutionspa.com>
250 Ok
RCPT TO:<info@careridesolutionspa.com>
250 Ok
DEBUG SMTP: Verified Addresses
DEBUG SMTP:   info@careridesolutionspa.com
DATA
354 End data with <CR><LF>.<CR><LF>
Date: Sat, 23 Aug 2025 21:07:34 -0400 (EDT)
From: info@careridesolutionspa.com
To: info@careridesolutionspa.com
Message-ID: <1353227349.4.1755997654451@macbookpro-65.lan>
Subject: New Contact Form Submission: Inquiry
MIME-Version: 1.0
Content-Type: text/plain; charset=us-ascii
Content-Transfer-Encoding: 7bit

Name: Playwright Test
Email: pwtest@example.com
Phone: 555-9999
Reason: Inquiry
Message: This is an automated test.
.
250 Ok
DEBUG SMTP: message successfully delivered to mail server
QUIT
221 Bye
2025-08-23T21:07:35.425-04:00  INFO 18539 --- [nio-8080-exec-5] com.care.ride.service.EmailService       : Email sent to info@careridesolutionspa.com (subject=New Contact Form Submission: Inquiry)
2025-08-23T21:08:39.784-04:00  INFO 18539 --- [nio-8080-exec-6] com.care.ride.service.EmailService       : JavaMailSenderImpl in use. Host=smtp.mail.us-east-1.awsapps.com, Port=465, Username=info@careridesolutionspa.com, props.mail.smtp.from=info@careridesolutionspa.com
DEBUG: getProvider() returning jakarta.mail.Provider[TRANSPORT,smtp,org.eclipse.angus.mail.smtp.SMTPTransport,Oracle]
DEBUG SMTP: useEhlo true, useAuth true
DEBUG SMTP: trying to connect to host "smtp.mail.us-east-1.awsapps.com", port 465, isSSL true
220 smtp.us-east-1.mail.awsapps.com ESMTP Amazon WorkMail SMTP Service
DEBUG SMTP: connected to host "smtp.mail.us-east-1.awsapps.com", port: 465
EHLO macbookpro-65.lan
250-smtp.us-east-1.mail.awsapps.com
250-8BITMIME
250-AUTH PLAIN LOGIN
250 Ok
DEBUG SMTP: Found extension "8BITMIME", arg ""
DEBUG SMTP: Found extension "AUTH", arg "PLAIN LOGIN"
DEBUG SMTP: Found extension "Ok", arg ""
DEBUG SMTP: protocolConnect login, host=smtp.mail.us-east-1.awsapps.com, user=info@careridesolutionspa.com, password=<non-null>
DEBUG SMTP: Attempt to authenticate using mechanisms: LOGIN PLAIN DIGEST-MD5 NTLM XOAUTH2 
DEBUG SMTP: Using mechanism LOGIN
DEBUG SMTP: AUTH LOGIN command trace suppressed
DEBUG SMTP: AUTH LOGIN succeeded
DEBUG SMTP: use8bit false
MAIL FROM:<info@careridesolutionspa.com>
250 Ok
RCPT TO:<info@careridesolutionspa.com>
250 Ok
DEBUG SMTP: Verified Addresses
DEBUG SMTP:   info@careridesolutionspa.com
DATA
354 End data with <CR><LF>.<CR><LF>
Date: Sat, 23 Aug 2025 21:08:40 -0400 (EDT)
From: info@careridesolutionspa.com
To: info@careridesolutionspa.com
Message-ID: <1480937113.5.1755997720413@macbookpro-65.lan>
Subject: New Contact Form Submission: Inquiry
MIME-Version: 1.0
Content-Type: text/plain; charset=us-ascii
Content-Transfer-Encoding: 7bit

Name: Playwright Test
Email: pwtest@example.com
Phone: 555-9999
Reason: Inquiry
Message: This is an automated test.
.
250 Ok
DEBUG SMTP: message successfully delivered to mail server
QUIT
221 Bye
2025-08-23T21:08:41.297-04:00  INFO 18539 --- [nio-8080-exec-6] com.care.ride.service.EmailService       : Email sent to info@careridesolutionspa.com (subject=New Contact Form Submission: Inquiry)
2025-08-23T21:09:49.345-04:00  INFO 18539 --- [nio-8080-exec-7] com.care.ride.service.EmailService       : JavaMailSenderImpl in use. Host=smtp.mail.us-east-1.awsapps.com, Port=465, Username=info@careridesolutionspa.com, props.mail.smtp.from=info@careridesolutionspa.com
DEBUG: getProvider() returning jakarta.mail.Provider[TRANSPORT,smtp,org.eclipse.angus.mail.smtp.SMTPTransport,Oracle]
DEBUG SMTP: useEhlo true, useAuth true
DEBUG SMTP: trying to connect to host "smtp.mail.us-east-1.awsapps.com", port 465, isSSL true
220 smtp.us-east-1.mail.awsapps.com ESMTP Amazon WorkMail SMTP Service
DEBUG SMTP: connected to host "smtp.mail.us-east-1.awsapps.com", port: 465
EHLO macbookpro-65.lan
250-smtp.us-east-1.mail.awsapps.com
250-8BITMIME
250-AUTH PLAIN LOGIN
250 Ok
DEBUG SMTP: Found extension "8BITMIME", arg ""
DEBUG SMTP: Found extension "AUTH", arg "PLAIN LOGIN"
DEBUG SMTP: Found extension "Ok", arg ""
DEBUG SMTP: protocolConnect login, host=smtp.mail.us-east-1.awsapps.com, user=info@careridesolutionspa.com, password=<non-null>
DEBUG SMTP: Attempt to authenticate using mechanisms: LOGIN PLAIN DIGEST-MD5 NTLM XOAUTH2 
DEBUG SMTP: Using mechanism LOGIN
DEBUG SMTP: AUTH LOGIN command trace suppressed
DEBUG SMTP: AUTH LOGIN succeeded
DEBUG SMTP: use8bit false
MAIL FROM:<info@careridesolutionspa.com>
250 Ok
RCPT TO:<info@careridesolutionspa.com>
250 Ok
DEBUG SMTP: Verified Addresses
DEBUG SMTP:   info@careridesolutionspa.com
DATA
354 End data with <CR><LF>.<CR><LF>
Date: Sat, 23 Aug 2025 21:09:49 -0400 (EDT)
From: info@careridesolutionspa.com
To: info@careridesolutionspa.com
Message-ID: <2133319606.6.1755997789956@macbookpro-65.lan>
Subject: New Contact Form Submission: Inquiry
MIME-Version: 1.0
Content-Type: text/plain; charset=us-ascii
Content-Transfer-Encoding: 7bit

Name: Playwright Test
Email: pwtest@example.com
Phone: 555-9999
Reason: Inquiry
Message: This is an automated test.
.
250 Ok
DEBUG SMTP: message successfully delivered to mail server
QUIT
221 Bye
2025-08-23T21:09:50.774-04:00  INFO 18539 --- [nio-8080-exec-7] com.care.ride.service.EmailService       : Email sent to info@careridesolutionspa.com (subject=New Contact Form Submission: Inquiry)
2025-08-23T21:14:04.921-04:00  INFO 18539 --- [nio-8080-exec-9] com.care.ride.service.EmailService       : JavaMailSenderImpl in use. Host=smtp.mail.us-east-1.awsapps.com, Port=465, Username=info@careridesolutionspa.com, props.mail.smtp.from=info@careridesolutionspa.com
DEBUG: getProvider() returning jakarta.mail.Provider[TRANSPORT,smtp,org.eclipse.angus.mail.smtp.SMTPTransport,Oracle]
DEBUG SMTP: useEhlo true, useAuth true
DEBUG SMTP: trying to connect to host "smtp.mail.us-east-1.awsapps.com", port 465, isSSL true
220 smtp.us-east-1.mail.awsapps.com ESMTP Amazon WorkMail SMTP Service
DEBUG SMTP: connected to host "smtp.mail.us-east-1.awsapps.com", port: 465
EHLO macbookpro-65.lan
250-smtp.us-east-1.mail.awsapps.com
250-8BITMIME
250-AUTH PLAIN LOGIN
250 Ok
DEBUG SMTP: Found extension "8BITMIME", arg ""
DEBUG SMTP: Found extension "AUTH", arg "PLAIN LOGIN"
DEBUG SMTP: Found extension "Ok", arg ""
DEBUG SMTP: protocolConnect login, host=smtp.mail.us-east-1.awsapps.com, user=info@careridesolutionspa.com, password=<non-null>
DEBUG SMTP: Attempt to authenticate using mechanisms: LOGIN PLAIN DIGEST-MD5 NTLM XOAUTH2 
DEBUG SMTP: Using mechanism LOGIN
DEBUG SMTP: AUTH LOGIN command trace suppressed
DEBUG SMTP: AUTH LOGIN succeeded
DEBUG SMTP: use8bit false
MAIL FROM:<info@careridesolutionspa.com>
250 Ok
RCPT TO:<info@careridesolutionspa.com>
250 Ok
DEBUG SMTP: Verified Addresses
DEBUG SMTP:   info@careridesolutionspa.com
DATA
354 End data with <CR><LF>.<CR><LF>
Date: Sat, 23 Aug 2025 21:14:05 -0400 (EDT)
From: info@careridesolutionspa.com
To: info@careridesolutionspa.com
Message-ID: <612200030.7.1755998045878@macbookpro-65.lan>
Subject: New Contact Form Submission: Inquiry
MIME-Version: 1.0
Content-Type: text/plain; charset=us-ascii
Content-Transfer-Encoding: 7bit

Name: Playwright Test
Email: pwtest@example.com
Phone: 555-9999
Reason: Inquiry
Message: This is an automated test.
.
250 Ok
DEBUG SMTP: message successfully delivered to mail server
QUIT
221 Bye
2025-08-23T21:14:07.062-04:00  INFO 18539 --- [nio-8080-exec-9] com.care.ride.service.EmailService       : Email sent to info@careridesolutionspa.com (subject=New Contact Form Submission: Inquiry)
2025-08-23T21:15:21.766-04:00  INFO 18539 --- [io-8080-exec-10] com.care.ride.service.EmailService       : JavaMailSenderImpl in use. Host=smtp.mail.us-east-1.awsapps.com, Port=465, Username=info@careridesolutionspa.com, props.mail.smtp.from=info@careridesolutionspa.com
DEBUG: getProvider() returning jakarta.mail.Provider[TRANSPORT,smtp,org.eclipse.angus.mail.smtp.SMTPTransport,Oracle]
DEBUG SMTP: useEhlo true, useAuth true
DEBUG SMTP: trying to connect to host "smtp.mail.us-east-1.awsapps.com", port 465, isSSL true
220 smtp.us-east-1.mail.awsapps.com ESMTP Amazon WorkMail SMTP Service
DEBUG SMTP: connected to host "smtp.mail.us-east-1.awsapps.com", port: 465
EHLO macbookpro-65.lan
250-smtp.us-east-1.mail.awsapps.com
250-8BITMIME
250-AUTH PLAIN LOGIN
250 Ok
DEBUG SMTP: Found extension "8BITMIME", arg ""
DEBUG SMTP: Found extension "AUTH", arg "PLAIN LOGIN"
DEBUG SMTP: Found extension "Ok", arg ""
DEBUG SMTP: protocolConnect login, host=smtp.mail.us-east-1.awsapps.com, user=info@careridesolutionspa.com, password=<non-null>
DEBUG SMTP: Attempt to authenticate using mechanisms: LOGIN PLAIN DIGEST-MD5 NTLM XOAUTH2 
DEBUG SMTP: Using mechanism LOGIN
DEBUG SMTP: AUTH LOGIN command trace suppressed
DEBUG SMTP: AUTH LOGIN succeeded
DEBUG SMTP: use8bit false
MAIL FROM:<info@careridesolutionspa.com>
250 Ok
RCPT TO:<info@careridesolutionspa.com>
250 Ok
DEBUG SMTP: Verified Addresses
DEBUG SMTP:   info@careridesolutionspa.com
DATA
354 End data with <CR><LF>.<CR><LF>
Date: Sat, 23 Aug 2025 21:15:22 -0400 (EDT)
From: info@careridesolutionspa.com
To: info@careridesolutionspa.com
Message-ID: <1721060071.8.1755998122451@macbookpro-65.lan>
Subject: New Contact Form Submission: Inquiry
MIME-Version: 1.0
Content-Type: text/plain; charset=us-ascii
Content-Transfer-Encoding: 7bit

Name: Playwright Test
Email: pwtest@example.com
Phone: 555-9999
Reason: Inquiry
Message: This is an automated test.
.
250 Ok
DEBUG SMTP: message successfully delivered to mail server
QUIT
221 Bye
2025-08-23T21:15:23.505-04:00  INFO 18539 --- [io-8080-exec-10] com.care.ride.service.EmailService       : Email sent to info@careridesolutionspa.com (subject=New Contact Form Submission: Inquiry)
2025-08-23T21:16:22.818-04:00  INFO 18539 --- [nio-8080-exec-1] com.care.ride.service.EmailService       : JavaMailSenderImpl in use. Host=smtp.mail.us-east-1.awsapps.com, Port=465, Username=info@careridesolutionspa.com, props.mail.smtp.from=info@careridesolutionspa.com
DEBUG: getProvider() returning jakarta.mail.Provider[TRANSPORT,smtp,org.eclipse.angus.mail.smtp.SMTPTransport,Oracle]
DEBUG SMTP: useEhlo true, useAuth true
DEBUG SMTP: trying to connect to host "smtp.mail.us-east-1.awsapps.com", port 465, isSSL true
220 smtp.us-east-1.mail.awsapps.com ESMTP Amazon WorkMail SMTP Service
DEBUG SMTP: connected to host "smtp.mail.us-east-1.awsapps.com", port: 465
EHLO macbookpro-65.lan
250-smtp.us-east-1.mail.awsapps.com
250-8BITMIME
250-AUTH PLAIN LOGIN
250 Ok
DEBUG SMTP: Found extension "8BITMIME", arg ""
DEBUG SMTP: Found extension "AUTH", arg "PLAIN LOGIN"
DEBUG SMTP: Found extension "Ok", arg ""
DEBUG SMTP: protocolConnect login, host=smtp.mail.us-east-1.awsapps.com, user=info@careridesolutionspa.com, password=<non-null>
DEBUG SMTP: Attempt to authenticate using mechanisms: LOGIN PLAIN DIGEST-MD5 NTLM XOAUTH2 
DEBUG SMTP: Using mechanism LOGIN
DEBUG SMTP: AUTH LOGIN command trace suppressed
DEBUG SMTP: AUTH LOGIN succeeded
DEBUG SMTP: use8bit false
MAIL FROM:<info@careridesolutionspa.com>
250 Ok
RCPT TO:<info@careridesolutionspa.com>
250 Ok
DEBUG SMTP: Verified Addresses
DEBUG SMTP:   info@careridesolutionspa.com
DATA
354 End data with <CR><LF>.<CR><LF>
Date: Sat, 23 Aug 2025 21:16:23 -0400 (EDT)
From: info@careridesolutionspa.com
To: info@careridesolutionspa.com
Message-ID: <1140242974.9.1755998183375@macbookpro-65.lan>
Subject: New Contact Form Submission: Inquiry
MIME-Version: 1.0
Content-Type: text/plain; charset=us-ascii
Content-Transfer-Encoding: 7bit

Name: Playwright Test
Email: pwtest@example.com
Phone: 555-9999
Reason: Inquiry
Message: This is an automated test.
.
250 Ok
DEBUG SMTP: message successfully delivered to mail server
QUIT
221 Bye
2025-08-23T21:16:24.129-04:00  INFO 18539 --- [nio-8080-exec-1] com.care.ride.service.EmailService       : Email sent to info@careridesolutionspa.com (subject=New Contact Form Submission: Inquiry)
2025-08-23T21:17:13.845-04:00  INFO 18539 --- [nio-8080-exec-2] com.care.ride.service.EmailService       : JavaMailSenderImpl in use. Host=smtp.mail.us-east-1.awsapps.com, Port=465, Username=info@careridesolutionspa.com, props.mail.smtp.from=info@careridesolutionspa.com
DEBUG: getProvider() returning jakarta.mail.Provider[TRANSPORT,smtp,org.eclipse.angus.mail.smtp.SMTPTransport,Oracle]
DEBUG SMTP: useEhlo true, useAuth true
DEBUG SMTP: trying to connect to host "smtp.mail.us-east-1.awsapps.com", port 465, isSSL true
220 smtp.us-east-1.mail.awsapps.com ESMTP Amazon WorkMail SMTP Service
DEBUG SMTP: connected to host "smtp.mail.us-east-1.awsapps.com", port: 465
EHLO macbookpro-65.lan
250-smtp.us-east-1.mail.awsapps.com
250-8BITMIME
250-AUTH PLAIN LOGIN
250 Ok
DEBUG SMTP: Found extension "8BITMIME", arg ""
DEBUG SMTP: Found extension "AUTH", arg "PLAIN LOGIN"
DEBUG SMTP: Found extension "Ok", arg ""
DEBUG SMTP: protocolConnect login, host=smtp.mail.us-east-1.awsapps.com, user=info@careridesolutionspa.com, password=<non-null>
DEBUG SMTP: Attempt to authenticate using mechanisms: LOGIN PLAIN DIGEST-MD5 NTLM XOAUTH2 
DEBUG SMTP: Using mechanism LOGIN
DEBUG SMTP: AUTH LOGIN command trace suppressed
DEBUG SMTP: AUTH LOGIN succeeded
DEBUG SMTP: use8bit false
MAIL FROM:<info@careridesolutionspa.com>
250 Ok
RCPT TO:<info@careridesolutionspa.com>
250 Ok
DEBUG SMTP: Verified Addresses
DEBUG SMTP:   info@careridesolutionspa.com
DATA
354 End data with <CR><LF>.<CR><LF>
Date: Sat, 23 Aug 2025 21:17:14 -0400 (EDT)
From: info@careridesolutionspa.com
To: info@careridesolutionspa.com
Message-ID: <978191575.10.1755998234240@macbookpro-65.lan>
Subject: New Contact Form Submission: Inquiry
MIME-Version: 1.0
Content-Type: text/plain; charset=us-ascii
Content-Transfer-Encoding: 7bit

Name: Playwright Test
Email: pwtest@example.com
Phone: 555-9999
Reason: Inquiry
Message: This is an automated test.
.
250 Ok
DEBUG SMTP: message successfully delivered to mail server
QUIT
221 Bye
2025-08-23T21:17:15.143-04:00  INFO 18539 --- [nio-8080-exec-2] com.care.ride.service.EmailService       : Email sent to info@careridesolutionspa.com (subject=New Contact Form Submission: Inquiry)
2025-08-23T21:18:23.846-04:00  INFO 18539 --- [nio-8080-exec-3] com.care.ride.service.EmailService       : JavaMailSenderImpl in use. Host=smtp.mail.us-east-1.awsapps.com, Port=465, Username=info@careridesolutionspa.com, props.mail.smtp.from=info@careridesolutionspa.com
DEBUG: getProvider() returning jakarta.mail.Provider[TRANSPORT,smtp,org.eclipse.angus.mail.smtp.SMTPTransport,Oracle]
DEBUG SMTP: useEhlo true, useAuth true
DEBUG SMTP: trying to connect to host "smtp.mail.us-east-1.awsapps.com", port 465, isSSL true
220 smtp.us-east-1.mail.awsapps.com ESMTP Amazon WorkMail SMTP Service
DEBUG SMTP: connected to host "smtp.mail.us-east-1.awsapps.com", port: 465
EHLO macbookpro-65.lan
250-smtp.us-east-1.mail.awsapps.com
250-8BITMIME
250-AUTH PLAIN LOGIN
250 Ok
DEBUG SMTP: Found extension "8BITMIME", arg ""
DEBUG SMTP: Found extension "AUTH", arg "PLAIN LOGIN"
DEBUG SMTP: Found extension "Ok", arg ""
DEBUG SMTP: protocolConnect login, host=smtp.mail.us-east-1.awsapps.com, user=info@careridesolutionspa.com, password=<non-null>
DEBUG SMTP: Attempt to authenticate using mechanisms: LOGIN PLAIN DIGEST-MD5 NTLM XOAUTH2 
DEBUG SMTP: Using mechanism LOGIN
DEBUG SMTP: AUTH LOGIN command trace suppressed
DEBUG SMTP: AUTH LOGIN succeeded
DEBUG SMTP: use8bit false
MAIL FROM:<info@careridesolutionspa.com>
250 Ok
RCPT TO:<info@careridesolutionspa.com>
250 Ok
DEBUG SMTP: Verified Addresses
DEBUG SMTP:   info@careridesolutionspa.com
DATA
354 End data with <CR><LF>.<CR><LF>
Date: Sat, 23 Aug 2025 21:18:24 -0400 (EDT)
From: info@careridesolutionspa.com
To: info@careridesolutionspa.com
Message-ID: <1772965050.11.1755998304414@macbookpro-65.lan>
Subject: New Contact Form Submission: Inquiry
MIME-Version: 1.0
Content-Type: text/plain; charset=us-ascii
Content-Transfer-Encoding: 7bit

Name: Playwright Test
Email: pwtest@example.com
Phone: 555-9999
Reason: Inquiry
Message: This is an automated test.
.
250 Ok
DEBUG SMTP: message successfully delivered to mail server
QUIT
221 Bye
2025-08-23T21:18:25.479-04:00  INFO 18539 --- [nio-8080-exec-3] com.care.ride.service.EmailService       : Email sent to info@careridesolutionspa.com (subject=New Contact Form Submission: Inquiry)
2025-08-23T21:18:58.557-04:00  INFO 18539 --- [nio-8080-exec-4] com.care.ride.service.EmailService       : JavaMailSenderImpl in use. Host=smtp.mail.us-east-1.awsapps.com, Port=465, Username=info@careridesolutionspa.com, props.mail.smtp.from=info@careridesolutionspa.com
DEBUG: getProvider() returning jakarta.mail.Provider[TRANSPORT,smtp,org.eclipse.angus.mail.smtp.SMTPTransport,Oracle]
DEBUG SMTP: useEhlo true, useAuth true
DEBUG SMTP: trying to connect to host "smtp.mail.us-east-1.awsapps.com", port 465, isSSL true
220 smtp.us-east-1.mail.awsapps.com ESMTP Amazon WorkMail SMTP Service
DEBUG SMTP: connected to host "smtp.mail.us-east-1.awsapps.com", port: 465
EHLO macbookpro-65.lan
250-smtp.us-east-1.mail.awsapps.com
250-8BITMIME
250-AUTH PLAIN LOGIN
250 Ok
DEBUG SMTP: Found extension "8BITMIME", arg ""
DEBUG SMTP: Found extension "AUTH", arg "PLAIN LOGIN"
DEBUG SMTP: Found extension "Ok", arg ""
DEBUG SMTP: protocolConnect login, host=smtp.mail.us-east-1.awsapps.com, user=info@careridesolutionspa.com, password=<non-null>
DEBUG SMTP: Attempt to authenticate using mechanisms: LOGIN PLAIN DIGEST-MD5 NTLM XOAUTH2 
DEBUG SMTP: Using mechanism LOGIN
DEBUG SMTP: AUTH LOGIN command trace suppressed
DEBUG SMTP: AUTH LOGIN succeeded
DEBUG SMTP: use8bit false
MAIL FROM:<info@careridesolutionspa.com>
250 Ok
RCPT TO:<info@careridesolutionspa.com>
250 Ok
DEBUG SMTP: Verified Addresses
DEBUG SMTP:   info@careridesolutionspa.com
DATA
354 End data with <CR><LF>.<CR><LF>
Date: Sat, 23 Aug 2025 21:19:00 -0400 (EDT)
From: info@careridesolutionspa.com
To: info@careridesolutionspa.com
Message-ID: <2051164276.12.1755998340453@macbookpro-65.lan>
Subject: New Contact Form Submission: Inquiry
MIME-Version: 1.0
Content-Type: text/plain; charset=us-ascii
Content-Transfer-Encoding: 7bit

Name: Playwright Test
Email: pwtest@example.com
Phone: 555-9999
Reason: Inquiry
Message: This is an automated test.
.
250 Ok
DEBUG SMTP: message successfully delivered to mail server
QUIT
221 Bye
2025-08-23T21:19:01.562-04:00  INFO 18539 --- [nio-8080-exec-4] com.care.ride.service.EmailService       : Email sent to info@careridesolutionspa.com (subject=New Contact Form Submission: Inquiry)
2025-08-23T21:20:22.384-04:00  INFO 18539 --- [nio-8080-exec-5] com.care.ride.service.EmailService       : JavaMailSenderImpl in use. Host=smtp.mail.us-east-1.awsapps.com, Port=465, Username=info@careridesolutionspa.com, props.mail.smtp.from=info@careridesolutionspa.com
DEBUG: getProvider() returning jakarta.mail.Provider[TRANSPORT,smtp,org.eclipse.angus.mail.smtp.SMTPTransport,Oracle]
DEBUG SMTP: useEhlo true, useAuth true
DEBUG SMTP: trying to connect to host "smtp.mail.us-east-1.awsapps.com", port 465, isSSL true
220 smtp.us-east-1.mail.awsapps.com ESMTP Amazon WorkMail SMTP Service
DEBUG SMTP: connected to host "smtp.mail.us-east-1.awsapps.com", port: 465
EHLO macbookpro-65.lan
250-smtp.us-east-1.mail.awsapps.com
250-8BITMIME
250-AUTH PLAIN LOGIN
250 Ok
DEBUG SMTP: Found extension "8BITMIME", arg ""
DEBUG SMTP: Found extension "AUTH", arg "PLAIN LOGIN"
DEBUG SMTP: Found extension "Ok", arg ""
DEBUG SMTP: protocolConnect login, host=smtp.mail.us-east-1.awsapps.com, user=info@careridesolutionspa.com, password=<non-null>
DEBUG SMTP: Attempt to authenticate using mechanisms: LOGIN PLAIN DIGEST-MD5 NTLM XOAUTH2 
DEBUG SMTP: Using mechanism LOGIN
DEBUG SMTP: AUTH LOGIN command trace suppressed
DEBUG SMTP: AUTH LOGIN succeeded
DEBUG SMTP: use8bit false
MAIL FROM:<info@careridesolutionspa.com>
250 Ok
RCPT TO:<info@careridesolutionspa.com>
250 Ok
DEBUG SMTP: Verified Addresses
DEBUG SMTP:   info@careridesolutionspa.com
DATA
354 End data with <CR><LF>.<CR><LF>
Date: Sat, 23 Aug 2025 21:20:23 -0400 (EDT)
From: info@careridesolutionspa.com
To: info@careridesolutionspa.com
Message-ID: <423419067.13.1755998423614@macbookpro-65.lan>
Subject: New Contact Form Submission: Need Ride
MIME-Version: 1.0
Content-Type: text/plain; charset=us-ascii
Content-Transfer-Encoding: 7bit

Name: Test Chhabi
Email: Bajgain99@yanoo.com
Phone: 2148287716
Reason: Need Ride
Message: fdfdsfdsfs
.
250 Ok
DEBUG SMTP: message successfully delivered to mail server
QUIT
221 Bye
2025-08-23T21:20:24.783-04:00  INFO 18539 --- [nio-8080-exec-5] com.care.ride.service.EmailService       : Email sent to info@careridesolutionspa.com (subject=New Contact Form Submission: Need Ride)
2025-08-23T21:24:05.835-04:00  INFO 18539 --- [nio-8080-exec-6] com.care.ride.service.EmailService       : JavaMailSenderImpl in use. Host=smtp.mail.us-east-1.awsapps.com, Port=465, Username=info@careridesolutionspa.com, props.mail.smtp.from=info@careridesolutionspa.com
DEBUG: getProvider() returning jakarta.mail.Provider[TRANSPORT,smtp,org.eclipse.angus.mail.smtp.SMTPTransport,Oracle]
DEBUG SMTP: useEhlo true, useAuth true
DEBUG SMTP: trying to connect to host "smtp.mail.us-east-1.awsapps.com", port 465, isSSL true
220 smtp.us-east-1.mail.awsapps.com ESMTP Amazon WorkMail SMTP Service
DEBUG SMTP: connected to host "smtp.mail.us-east-1.awsapps.com", port: 465
EHLO macbookpro-65.lan
250-smtp.us-east-1.mail.awsapps.com
250-8BITMIME
250-AUTH PLAIN LOGIN
250 Ok
DEBUG SMTP: Found extension "8BITMIME", arg ""
DEBUG SMTP: Found extension "AUTH", arg "PLAIN LOGIN"
DEBUG SMTP: Found extension "Ok", arg ""
DEBUG SMTP: protocolConnect login, host=smtp.mail.us-east-1.awsapps.com, user=info@careridesolutionspa.com, password=<non-null>
DEBUG SMTP: Attempt to authenticate using mechanisms: LOGIN PLAIN DIGEST-MD5 NTLM XOAUTH2 
DEBUG SMTP: Using mechanism LOGIN
DEBUG SMTP: AUTH LOGIN command trace suppressed
DEBUG SMTP: AUTH LOGIN succeeded
DEBUG SMTP: use8bit false
MAIL FROM:<info@careridesolutionspa.com>
250 Ok
RCPT TO:<info@careridesolutionspa.com>
250 Ok
DEBUG SMTP: Verified Addresses
DEBUG SMTP:   info@careridesolutionspa.com
DATA
354 End data with <CR><LF>.<CR><LF>
Date: Sat, 23 Aug 2025 21:24:06 -0400 (EDT)
From: info@careridesolutionspa.com
To: info@careridesolutionspa.com
Message-ID: <2026637011.14.1755998646925@macbookpro-65.lan>
Subject: New Contact Form Submission: Inquiry
MIME-Version: 1.0
Content-Type: text/plain; charset=us-ascii
Content-Transfer-Encoding: 7bit

Name: Playwright Test
Email: pwtest@example.com
Phone: 555-9999
Reason: Inquiry
Message: This is an automated test.
.
250 Ok
DEBUG SMTP: message successfully delivered to mail server
QUIT
221 Bye
2025-08-23T21:24:07.804-04:00  INFO 18539 --- [nio-8080-exec-6] com.care.ride.service.EmailService       : Email sent to info@careridesolutionspa.com (subject=New Contact Form Submission: Inquiry)
2025-08-23T21:25:16.219-04:00  INFO 18539 --- [nio-8080-exec-7] com.care.ride.service.EmailService       : JavaMailSenderImpl in use. Host=smtp.mail.us-east-1.awsapps.com, Port=465, Username=info@careridesolutionspa.com, props.mail.smtp.from=info@careridesolutionspa.com
DEBUG: getProvider() returning jakarta.mail.Provider[TRANSPORT,smtp,org.eclipse.angus.mail.smtp.SMTPTransport,Oracle]
DEBUG SMTP: useEhlo true, useAuth true
DEBUG SMTP: trying to connect to host "smtp.mail.us-east-1.awsapps.com", port 465, isSSL true
220 smtp.us-east-1.mail.awsapps.com ESMTP Amazon WorkMail SMTP Service
DEBUG SMTP: connected to host "smtp.mail.us-east-1.awsapps.com", port: 465
EHLO macbookpro-65.lan
250-smtp.us-east-1.mail.awsapps.com
250-8BITMIME
250-AUTH PLAIN LOGIN
250 Ok
DEBUG SMTP: Found extension "8BITMIME", arg ""
DEBUG SMTP: Found extension "AUTH", arg "PLAIN LOGIN"
DEBUG SMTP: Found extension "Ok", arg ""
DEBUG SMTP: protocolConnect login, host=smtp.mail.us-east-1.awsapps.com, user=info@careridesolutionspa.com, password=<non-null>
DEBUG SMTP: Attempt to authenticate using mechanisms: LOGIN PLAIN DIGEST-MD5 NTLM XOAUTH2 
DEBUG SMTP: Using mechanism LOGIN
DEBUG SMTP: AUTH LOGIN command trace suppressed
DEBUG SMTP: AUTH LOGIN succeeded
DEBUG SMTP: use8bit false
MAIL FROM:<info@careridesolutionspa.com>
250 Ok
RCPT TO:<info@careridesolutionspa.com>
250 Ok
DEBUG SMTP: Verified Addresses
DEBUG SMTP:   info@careridesolutionspa.com
DATA
354 End data with <CR><LF>.<CR><LF>
Date: Sat, 23 Aug 2025 21:25:16 -0400 (EDT)
From: info@careridesolutionspa.com
To: info@careridesolutionspa.com
Message-ID: <1861019174.15.1755998716894@macbookpro-65.lan>
Subject: New Contact Form Submission: Need Ride
MIME-Version: 1.0
Content-Type: text/plain; charset=us-ascii
Content-Transfer-Encoding: 7bit

Name: Test Chhabi
Email: Bajgain99@yanoo.com
Phone: 2148287716
Reason: Need Ride
Message: sasaasfs
.
250 Ok
DEBUG SMTP: message successfully delivered to mail server
QUIT
221 Bye
2025-08-23T21:25:18.050-04:00  INFO 18539 --- [nio-8080-exec-7] com.care.ride.service.EmailService       : Email sent to info@careridesolutionspa.com (subject=New Contact Form Submission: Need Ride)
2025-08-23T21:26:07.224-04:00  INFO 18539 --- [nio-8080-exec-9] com.care.ride.service.EmailService       : JavaMailSenderImpl in use. Host=smtp.mail.us-east-1.awsapps.com, Port=465, Username=info@careridesolutionspa.com, props.mail.smtp.from=info@careridesolutionspa.com
DEBUG: getProvider() returning jakarta.mail.Provider[TRANSPORT,smtp,org.eclipse.angus.mail.smtp.SMTPTransport,Oracle]
DEBUG SMTP: useEhlo true, useAuth true
DEBUG SMTP: trying to connect to host "smtp.mail.us-east-1.awsapps.com", port 465, isSSL true
220 smtp.us-east-1.mail.awsapps.com ESMTP Amazon WorkMail SMTP Service
DEBUG SMTP: connected to host "smtp.mail.us-east-1.awsapps.com", port: 465
EHLO macbookpro-65.lan
250-smtp.us-east-1.mail.awsapps.com
250-8BITMIME
250-AUTH PLAIN LOGIN
250 Ok
DEBUG SMTP: Found extension "8BITMIME", arg ""
DEBUG SMTP: Found extension "AUTH", arg "PLAIN LOGIN"
DEBUG SMTP: Found extension "Ok", arg ""
DEBUG SMTP: protocolConnect login, host=smtp.mail.us-east-1.awsapps.com, user=info@careridesolutionspa.com, password=<non-null>
DEBUG SMTP: Attempt to authenticate using mechanisms: LOGIN PLAIN DIGEST-MD5 NTLM XOAUTH2 
DEBUG SMTP: Using mechanism LOGIN
DEBUG SMTP: AUTH LOGIN command trace suppressed
DEBUG SMTP: AUTH LOGIN succeeded
DEBUG SMTP: use8bit false
MAIL FROM:<info@careridesolutionspa.com>
250 Ok
RCPT TO:<info@careridesolutionspa.com>
250 Ok
DEBUG SMTP: Verified Addresses
DEBUG SMTP:   info@careridesolutionspa.com
DATA
354 End data with <CR><LF>.<CR><LF>
Date: Sat, 23 Aug 2025 21:26:07 -0400 (EDT)
From: info@careridesolutionspa.com
To: info@careridesolutionspa.com
Message-ID: <82676713.16.1755998767693@macbookpro-65.lan>
Subject: New Contact Form Submission: Need Ride
MIME-Version: 1.0
Content-Type: text/plain; charset=us-ascii
Content-Transfer-Encoding: 7bit

Name: Test Chhabi
Email: Bajgain99@yanoo.com
Phone: 2148287716
Reason: Need Ride
Message: vsdfdsfs
.
250 Ok
DEBUG SMTP: message successfully delivered to mail server
QUIT
221 Bye
2025-08-23T21:26:08.646-04:00  INFO 18539 --- [nio-8080-exec-9] com.care.ride.service.EmailService       : Email sent to info@careridesolutionspa.com (subject=New Contact Form Submission: Need Ride)
